Generated at 2015-11-26 16:08:35 -0500
Chef::Exceptions::PrivateKeyMissing: I cannot read /etc/chef/validation.pem, which you told me to use to sign requests!
/usr/lib/ruby/vendor_ruby/chef/http/authenticator.rb:78:in `rescue in load_signing_key'
/usr/lib/ruby/vendor_ruby/chef/http/authenticator.rb:68:in `load_signing_key'
/usr/lib/ruby/vendor_ruby/chef/http/authenticator.rb:38:in `initialize'
/usr/lib/ruby/vendor_ruby/chef/rest.rb:66:in `new'
/usr/lib/ruby/vendor_ruby/chef/rest.rb:66:in `initialize'
/usr/lib/ruby/vendor_ruby/chef/api_client/registration.rb:125:in `new'
/usr/lib/ruby/vendor_ruby/chef/api_client/registration.rb:125:in `http_api'
/usr/lib/ruby/vendor_ruby/chef/api_client/registration.rb:92:in `create'
/usr/lib/ruby/vendor_ruby/chef/api_client/registration.rb:83:in `create_or_update'
/usr/lib/ruby/vendor_ruby/chef/api_client/registration.rb:56:in `run'
/usr/lib/ruby/vendor_ruby/chef/client.rb:323:in `register'
/usr/lib/ruby/vendor_ruby/chef/client.rb:416:in `do_run'
/usr/lib/ruby/vendor_ruby/chef/client.rb:213:in `block in run'
/usr/lib/ruby/vendor_ruby/chef/client.rb:207:in `fork'
/usr/lib/ruby/vendor_ruby/chef/client.rb:207:in `run'
/usr/lib/ruby/vendor_ruby/chef/application.rb:217:in `run_chef_client'
/usr/lib/ruby/vendor_ruby/chef/application/client.rb:328:in `block in run_application'
/usr/lib/ruby/vendor_ruby/chef/application/client.rb:317:in `loop'
/usr/lib/ruby/vendor_ruby/chef/application/client.rb:317:in `run_application'
/usr/lib/ruby/vendor_ruby/chef/application.rb:67:in `run'
/usr/bin/chef-client:25:in `<main>'